🎯 Target Domain: Finance_and_Banking (모든 태스크)
📁 Output: final_spec_ver3
🔄 Generations: 5
🚀 도메인 'Finance_and_Banking'의 그룹 진화 시작
📋 발견된 태스크들: ['Multimodal_Tasks.txt', 'Agent_Actions.txt', 'Information_Processing.txt', 'Code_Generation.txt', 'Decision_Support.txt', 'Classification_and_Categorization.txt', 'Image_Generation.txt', 'Text_Generation.txt', 'Analysis_and_Reasoning.txt', 'Communication.txt']

🎯 태스크 'Multimodal Tasks' 그룹 진화 시작
🚀 기존 archive에서 집단 기반 정책 셋 생성: Multimodal Tasks
  📊 기존 archive 크기: 53개 spec
  🎯 목표 그룹 크기: 10-20 (target: 5)
  📈 최고 점수: 83

🧬 기존 archive로부터 초기 집단 생성 중...
  🎲 중복 허용 랜덤 샘플링으로 4개 그룹 생성 (평균 크기: 16.0)
  ⚖️ 초기 집단 평가 중... (4개 그룹)
    그룹 1/4: 16개 spec 평가 중...
    그룹 2/4: 16개 spec 평가 중...
    그룹 3/4: 16개 spec 평가 중...
    그룹 4/4: 16개 spec 평가 중...
  📊 초기 그룹: 4개

🚀 Generation 1/5
============================================================
  🧬 선택된 부모 그룹: 4개
  🔄 교배 및 변이 중...
    🔍 필터링 결과: 15줄 → 15개 RFC2119 spec
  ➕ 그룹 변이: 새 spec 추가 (점수: 0)
  📊 새로운 후보 그룹: 4개
  ⚖️ 후보 그룹 평가 중...
    그룹 1/4: 16개 spec 평가 중...
    그룹 2/4: 17개 spec 평가 중...
    그룹 3/4: 16개 spec 평가 중...
    그룹 4/4: 16개 spec 평가 중...
  📊 Gen 0: best_score=81.0, archive_size=8

🚀 Generation 2/5
============================================================
  🧬 선택된 부모 그룹: 6개
  🔄 교배 및 변이 중...
    🔍 필터링 결과: 15줄 → 15개 RFC2119 spec
  🔄 그룹 변이: spec 개선 (0 → 0)
  📊 새로운 후보 그룹: 6개
  ⚖️ 후보 그룹 평가 중...
    그룹 1/6: 17개 spec 평가 중...
    그룹 2/6: 16개 spec 평가 중...
    그룹 3/6: 16개 spec 평가 중...
    그룹 4/6: 16개 spec 평가 중...
    그룹 5/6: 17개 spec 평가 중...
    그룹 6/6: 16개 spec 평가 중...
  📊 Gen 1: best_score=81.0, archive_size=14

🚀 Generation 3/5
============================================================
  🧬 선택된 부모 그룹: 6개
  🔄 교배 및 변이 중...
    🔍 필터링 결과: 15줄 → 15개 RFC2119 spec
  ➕ 그룹 변이: 새 spec 추가 (점수: 0)
    🔍 필터링 결과: 15줄 → 15개 RFC2119 spec
  ➕ 그룹 변이: 새 spec 추가 (점수: 0)
    🔍 필터링 결과: 15줄 → 15개 RFC2119 spec
  ➕ 그룹 변이: 새 spec 추가 (점수: 0)
    🔍 필터링 결과: 15줄 → 15개 RFC2119 spec
  ➕ 그룹 변이: 새 spec 추가 (점수: 0)
    🔍 필터링 결과: 15줄 → 15개 RFC2119 spec
  ➕ 그룹 변이: 새 spec 추가 (점수: 0)
  📊 새로운 후보 그룹: 6개
  ⚖️ 후보 그룹 평가 중...
    그룹 1/6: 17개 spec 평가 중...
    그룹 2/6: 17개 spec 평가 중...
    그룹 3/6: 17개 spec 평가 중...
    그룹 4/6: 16개 spec 평가 중...
    그룹 5/6: 17개 spec 평가 중...
    그룹 6/6: 17개 spec 평가 중...
  📊 Gen 2: best_score=81.0, archive_size=20

🚀 Generation 4/5
============================================================
  🧬 선택된 부모 그룹: 6개
  🔄 교배 및 변이 중...
    🔍 필터링 결과: 15줄 → 15개 RFC2119 spec
  ➕ 그룹 변이: 새 spec 추가 (점수: 0)
    🔍 필터링 결과: 15줄 → 15개 RFC2119 spec
  ➕ 그룹 변이: 새 spec 추가 (점수: 0)
  📊 새로운 후보 그룹: 6개
  ⚖️ 후보 그룹 평가 중...
    그룹 1/6: 17개 spec 평가 중...
    그룹 2/6: 17개 spec 평가 중...
    그룹 3/6: 16개 spec 평가 중...
    그룹 4/6: 17개 spec 평가 중...
    그룹 5/6: 16개 spec 평가 중...
    그룹 6/6: 16개 spec 평가 중...
  📊 Gen 3: best_score=81.0, archive_size=26

🚀 Generation 5/5
============================================================
  🧬 선택된 부모 그룹: 6개
  🔄 교배 및 변이 중...
    🔍 필터링 결과: 15줄 → 15개 RFC2119 spec
  ➕ 그룹 변이: 새 spec 추가 (점수: 0)
    🔍 필터링 결과: 15줄 → 15개 RFC2119 spec
  ➕ 그룹 변이: 새 spec 추가 (점수: 0)
  📊 새로운 후보 그룹: 6개
  ⚖️ 후보 그룹 평가 중...
    그룹 1/6: 17개 spec 평가 중...
    그룹 2/6: 17개 spec 평가 중...
    그룹 3/6: 17개 spec 평가 중...
    그룹 4/6: 16개 spec 평가 중...
    그룹 5/6: 16개 spec 평가 중...
    그룹 6/6: 17개 spec 평가 중...
  📊 Gen 4: best_score=81.0, archive_size=32

🏆 최고 점수 그룹 추출 및 중복 제거 중...
  📊 최고 그룹: 16개 spec (점수: 81/100)
  🔍 중복 제거: 16개 → 11개
  ✅ 최종 Spec 저장: final_spec_ver3/Finance_and_Banking/Multimodal_Tasks/final_spec.json
  📝 최종 Spec 개수: 11개

✅ 집단 진화 완료! 결과: final_spec_ver3/Finance_and_Banking/Multimodal_Tasks
  🏆 Multimodal Tasks 진화 완료! 총 32개 그룹 생성
     그룹 점수: 81/100
     그룹 크기: 16개 spec

🎯 태스크 'Agent Actions' 그룹 진화 시작
🚀 기존 archive에서 집단 기반 정책 셋 생성: Agent Actions
  📊 기존 archive 크기: 54개 spec
  🎯 목표 그룹 크기: 10-20 (target: 5)
  📈 최고 점수: 85

🧬 기존 archive로부터 초기 집단 생성 중...
  🎲 중복 허용 랜덤 샘플링으로 3개 그룹 생성 (평균 크기: 18.0)
  ⚖️ 초기 집단 평가 중... (3개 그룹)
    그룹 1/3: 18개 spec 평가 중...
    그룹 2/3: 18개 spec 평가 중...
    그룹 3/3: 18개 spec 평가 중...
  📊 초기 그룹: 3개

🚀 Generation 1/5
============================================================
  🧬 선택된 부모 그룹: 3개
  🔄 교배 및 변이 중...
    🔍 필터링 결과: 15줄 → 15개 RFC2119 spec
  ➕ 그룹 변이: 새 spec 추가 (점수: 0)
  📊 새로운 후보 그룹: 4개
  ⚖️ 후보 그룹 평가 중...
    그룹 1/4: 18개 spec 평가 중...
    그룹 2/4: 18개 spec 평가 중...
    그룹 3/4: 17개 spec 평가 중...
    그룹 4/4: 18개 spec 평가 중...
  📊 Gen 0: best_score=82.0, archive_size=7

🚀 Generation 2/5
============================================================
  🧬 선택된 부모 그룹: 6개
  🔄 교배 및 변이 중...
    🔍 필터링 결과: 15줄 → 15개 RFC2119 spec
  ➕ 그룹 변이: 새 spec 추가 (점수: 0)
    🔍 필터링 결과: 15줄 → 15개 RFC2119 spec
  ➕ 그룹 변이: 새 spec 추가 (점수: 0)
    🔍 필터링 결과: 15줄 → 15개 RFC2119 spec
  ➕ 그룹 변이: 새 spec 추가 (점수: 0)
    🔍 필터링 결과: 15줄 → 15개 RFC2119 spec
  ➕ 그룹 변이: 새 spec 추가 (점수: 0)
  📊 새로운 후보 그룹: 6개
  ⚖️ 후보 그룹 평가 중...
    그룹 1/6: 19개 spec 평가 중...
    그룹 2/6: 18개 spec 평가 중...
    그룹 3/6: 19개 spec 평가 중...
    그룹 4/6: 19개 spec 평가 중...
    그룹 5/6: 19개 spec 평가 중...
    그룹 6/6: 17개 spec 평가 중...
  📊 Gen 1: best_score=82.0, archive_size=13

🚀 Generation 3/5
============================================================
  🧬 선택된 부모 그룹: 6개
  🔄 교배 및 변이 중...
    🔍 필터링 결과: 15줄 → 15개 RFC2119 spec
  ➕ 그룹 변이: 새 spec 추가 (점수: 0)
    🔍 필터링 결과: 15줄 → 15개 RFC2119 spec
  ➕ 그룹 변이: 새 spec 추가 (점수: 0)
  📊 새로운 후보 그룹: 6개
  ⚖️ 후보 그룹 평가 중...
    그룹 1/6: 20개 spec 평가 중...
    그룹 2/6: 17개 spec 평가 중...
    그룹 3/6: 19개 spec 평가 중...
    그룹 4/6: 18개 spec 평가 중...
    그룹 5/6: 19개 spec 평가 중...
    그룹 6/6: 19개 spec 평가 중...
  📊 Gen 2: best_score=82.0, archive_size=19

🚀 Generation 4/5
============================================================
  🧬 선택된 부모 그룹: 6개
  🔄 교배 및 변이 중...
    🔍 필터링 결과: 15줄 → 15개 RFC2119 spec
  ➕ 그룹 변이: 새 spec 추가 (점수: 0)
  📊 새로운 후보 그룹: 6개
  ⚖️ 후보 그룹 평가 중...
    그룹 1/6: 18개 spec 평가 중...
    그룹 2/6: 17개 spec 평가 중...
    그룹 3/6: 18개 spec 평가 중...
    그룹 4/6: 18개 spec 평가 중...
    그룹 5/6: 20개 spec 평가 중...
    그룹 6/6: 18개 spec 평가 중...
  📊 Gen 3: best_score=82.0, archive_size=25

🚀 Generation 5/5
============================================================
  🧬 선택된 부모 그룹: 6개
  🔄 교배 및 변이 중...
    🔍 필터링 결과: 15줄 → 15개 RFC2119 spec
  ➕ 그룹 변이: 새 spec 추가 (점수: 0)
    🔍 필터링 결과: 15줄 → 15개 RFC2119 spec
  ➕ 그룹 변이: 새 spec 추가 (점수: 0)
    🔍 필터링 결과: 15줄 → 15개 RFC2119 spec
  ➕ 그룹 변이: 새 spec 추가 (점수: 0)
  📊 새로운 후보 그룹: 6개
  ⚖️ 후보 그룹 평가 중...
    그룹 1/6: 17개 spec 평가 중...
    그룹 2/6: 19개 spec 평가 중...
    그룹 3/6: 18개 spec 평가 중...
    그룹 4/6: 19개 spec 평가 중...
    그룹 5/6: 19개 spec 평가 중...
    그룹 6/6: 19개 spec 평가 중...
  📊 Gen 4: best_score=82.0, archive_size=31

🏆 최고 점수 그룹 추출 및 중복 제거 중...
  📊 최고 그룹: 18개 spec (점수: 82/100)
  🔍 중복 제거: 18개 → 9개
  ✅ 최종 Spec 저장: final_spec_ver3/Finance_and_Banking/Agent_Actions/final_spec.json
  📝 최종 Spec 개수: 9개

✅ 집단 진화 완료! 결과: final_spec_ver3/Finance_and_Banking/Agent_Actions
  🏆 Agent Actions 진화 완료! 총 31개 그룹 생성
     그룹 점수: 82/100
     그룹 크기: 18개 spec

🎯 태스크 'Information Processing' 그룹 진화 시작
🚀 기존 archive에서 집단 기반 정책 셋 생성: Information Processing
  📊 기존 archive 크기: 55개 spec
  🎯 목표 그룹 크기: 10-20 (target: 5)
  📈 최고 점수: 85

🧬 기존 archive로부터 초기 집단 생성 중...
  🎲 중복 허용 랜덤 샘플링으로 3개 그룹 생성 (평균 크기: 19.0)
  ⚖️ 초기 집단 평가 중... (3개 그룹)
    그룹 1/3: 19개 spec 평가 중...
    그룹 2/3: 19개 spec 평가 중...
    그룹 3/3: 19개 spec 평가 중...
  📊 초기 그룹: 3개

🚀 Generation 1/5
============================================================
  🧬 선택된 부모 그룹: 3개
  🔄 교배 및 변이 중...
  📊 새로운 후보 그룹: 4개
  ⚖️ 후보 그룹 평가 중...
    그룹 1/4: 18개 spec 평가 중...
    그룹 2/4: 19개 spec 평가 중...
    그룹 3/4: 19개 spec 평가 중...
    그룹 4/4: 19개 spec 평가 중...
  📊 Gen 0: best_score=81.0, archive_size=7

🚀 Generation 2/5
============================================================
  🧬 선택된 부모 그룹: 6개
  🔄 교배 및 변이 중...
    🔍 필터링 결과: 15줄 → 15개 RFC2119 spec
  ➕ 그룹 변이: 새 spec 추가 (점수: 0)
    🔍 필터링 결과: 15줄 → 15개 RFC2119 spec
  🔄 그룹 변이: spec 개선 (70 → 0)
    🔍 필터링 결과: 15줄 → 15개 RFC2119 spec
  ➕ 그룹 변이: 새 spec 추가 (점수: 0)
    🔍 필터링 결과: 15줄 → 15개 RFC2119 spec
  ➕ 그룹 변이: 새 spec 추가 (점수: 0)
  📊 새로운 후보 그룹: 6개
  ⚖️ 후보 그룹 평가 중...
    그룹 1/6: 19개 spec 평가 중...
    그룹 2/6: 19개 spec 평가 중...
    그룹 3/6: 19개 spec 평가 중...
    그룹 4/6: 20개 spec 평가 중...
    그룹 5/6: 19개 spec 평가 중...
    그룹 6/6: 19개 spec 평가 중...
  📊 Gen 1: best_score=81.0, archive_size=13

🚀 Generation 3/5
============================================================
  🧬 선택된 부모 그룹: 6개
  🔄 교배 및 변이 중...
    🔍 필터링 결과: 15줄 → 15개 RFC2119 spec
  ➕ 그룹 변이: 새 spec 추가 (점수: 0)
    🔍 필터링 결과: 15줄 → 15개 RFC2119 spec
  ➕ 그룹 변이: 새 spec 추가 (점수: 0)
    🔍 필터링 결과: 15줄 → 15개 RFC2119 spec
  ➕ 그룹 변이: 새 spec 추가 (점수: 0)
  📊 새로운 후보 그룹: 6개
  ⚖️ 후보 그룹 평가 중...
    그룹 1/6: 20개 spec 평가 중...
    그룹 2/6: 19개 spec 평가 중...
    그룹 3/6: 19개 spec 평가 중...
    그룹 4/6: 19개 spec 평가 중...
    그룹 5/6: 19개 spec 평가 중...
    그룹 6/6: 20개 spec 평가 중...
  📊 Gen 2: best_score=81.0, archive_size=19

🚀 Generation 4/5
============================================================
  🧬 선택된 부모 그룹: 6개
  🔄 교배 및 변이 중...
    🔍 필터링 결과: 15줄 → 15개 RFC2119 spec
  ➕ 그룹 변이: 새 spec 추가 (점수: 0)
  📊 새로운 후보 그룹: 6개
  ⚖️ 후보 그룹 평가 중...
    그룹 1/6: 17개 spec 평가 중...
    그룹 2/6: 18개 spec 평가 중...
    그룹 3/6: 18개 spec 평가 중...
    그룹 4/6: 18개 spec 평가 중...
    그룹 5/6: 20개 spec 평가 중...
    그룹 6/6: 18개 spec 평가 중...
  📊 Gen 3: best_score=81.0, archive_size=25

🚀 Generation 5/5
============================================================
  🧬 선택된 부모 그룹: 6개
  🔄 교배 및 변이 중...
    🔍 필터링 결과: 15줄 → 15개 RFC2119 spec
  🔄 그룹 변이: spec 개선 (70 → 0)
    🔍 필터링 결과: 15줄 → 15개 RFC2119 spec
  ➕ 그룹 변이: 새 spec 추가 (점수: 0)
    🔍 필터링 결과: 15줄 → 15개 RFC2119 spec
  ➕ 그룹 변이: 새 spec 추가 (점수: 0)
  📊 새로운 후보 그룹: 6개
  ⚖️ 후보 그룹 평가 중...
    그룹 1/6: 19개 spec 평가 중...
    그룹 2/6: 19개 spec 평가 중...
    그룹 3/6: 20개 spec 평가 중...
    그룹 4/6: 20개 spec 평가 중...
    그룹 5/6: 17개 spec 평가 중...
    그룹 6/6: 20개 spec 평가 중...
  📊 Gen 4: best_score=81.0, archive_size=31

🏆 최고 점수 그룹 추출 및 중복 제거 중...
  📊 최고 그룹: 19개 spec (점수: 81/100)
  🔍 중복 제거: 19개 → 15개
  ✅ 최종 Spec 저장: final_spec_ver3/Finance_and_Banking/Information_Processing/final_spec.json
  📝 최종 Spec 개수: 15개

✅ 집단 진화 완료! 결과: final_spec_ver3/Finance_and_Banking/Information_Processing
  🏆 Information Processing 진화 완료! 총 31개 그룹 생성
     그룹 점수: 81/100
     그룹 크기: 19개 spec

🎯 태스크 'Code Generation' 그룹 진화 시작
🚀 기존 archive에서 집단 기반 정책 셋 생성: Code Generation
  📊 기존 archive 크기: 46개 spec
  🎯 목표 그룹 크기: 10-20 (target: 5)
  📈 최고 점수: 74

🧬 기존 archive로부터 초기 집단 생성 중...
  🎲 중복 허용 랜덤 샘플링으로 3개 그룹 생성 (평균 크기: 18.0)
  ⚖️ 초기 집단 평가 중... (3개 그룹)
    그룹 1/3: 18개 spec 평가 중...
    그룹 2/3: 18개 spec 평가 중...
    그룹 3/3: 18개 spec 평가 중...
  📊 초기 그룹: 3개

🚀 Generation 1/5
============================================================
  🧬 선택된 부모 그룹: 3개
  🔄 교배 및 변이 중...
    🔍 필터링 결과: 15줄 → 15개 RFC2119 spec
  ➕ 그룹 변이: 새 spec 추가 (점수: 0)
  📊 새로운 후보 그룹: 4개
  ⚖️ 후보 그룹 평가 중...
    그룹 1/4: 18개 spec 평가 중...
    그룹 2/4: 19개 spec 평가 중...
    그룹 3/4: 18개 spec 평가 중...
    그룹 4/4: 18개 spec 평가 중...
  📊 Gen 0: best_score=84.0, archive_size=7

🚀 Generation 2/5
============================================================
  🧬 선택된 부모 그룹: 6개
  🔄 교배 및 변이 중...
    🔍 필터링 결과: 15줄 → 15개 RFC2119 spec
  ➕ 그룹 변이: 새 spec 추가 (점수: 0)
    🔍 필터링 결과: 15줄 → 15개 RFC2119 spec
  ➕ 그룹 변이: 새 spec 추가 (점수: 0)
    🔍 필터링 결과: 15줄 → 15개 RFC2119 spec
  ➕ 그룹 변이: 새 spec 추가 (점수: 0)
    🔍 필터링 결과: 15줄 → 15개 RFC2119 spec
  ➕ 그룹 변이: 새 spec 추가 (점수: 0)
  📊 새로운 후보 그룹: 6개
  ⚖️ 후보 그룹 평가 중...
    그룹 1/6: 19개 spec 평가 중...
    그룹 2/6: 17개 spec 평가 중...
    그룹 3/6: 18개 spec 평가 중...
    그룹 4/6: 18개 spec 평가 중...
    그룹 5/6: 19개 spec 평가 중...
    그룹 6/6: 20개 spec 평가 중...
  📊 Gen 1: best_score=84.0, archive_size=13

🚀 Generation 3/5
============================================================
  🧬 선택된 부모 그룹: 6개
  🔄 교배 및 변이 중...
    🔍 필터링 결과: 15줄 → 15개 RFC2119 spec
  ➕ 그룹 변이: 새 spec 추가 (점수: 0)
    🔍 필터링 결과: 15줄 → 15개 RFC2119 spec
  ➕ 그룹 변이: 새 spec 추가 (점수: 0)
    🔍 필터링 결과: 15줄 → 15개 RFC2119 spec
  ➕ 그룹 변이: 새 spec 추가 (점수: 0)
  📊 새로운 후보 그룹: 6개
  ⚖️ 후보 그룹 평가 중...
    그룹 1/6: 19개 spec 평가 중...
    그룹 2/6: 18개 spec 평가 중...
    그룹 3/6: 18개 spec 평가 중...
    그룹 4/6: 18개 spec 평가 중...
    그룹 5/6: 17개 spec 평가 중...
    그룹 6/6: 19개 spec 평가 중...
  📊 Gen 2: best_score=84.0, archive_size=19

🚀 Generation 4/5
============================================================
  🧬 선택된 부모 그룹: 6개
  🔄 교배 및 변이 중...
    🔍 필터링 결과: 15줄 → 15개 RFC2119 spec
  ➕ 그룹 변이: 새 spec 추가 (점수: 0)
    🔍 필터링 결과: 15줄 → 15개 RFC2119 spec
  ➕ 그룹 변이: 새 spec 추가 (점수: 0)
    🔍 필터링 결과: 15줄 → 15개 RFC2119 spec
  ➕ 그룹 변이: 새 spec 추가 (점수: 0)
  📊 새로운 후보 그룹: 6개
  ⚖️ 후보 그룹 평가 중...
    그룹 1/6: 18개 spec 평가 중...
    그룹 2/6: 18개 spec 평가 중...
    그룹 3/6: 18개 spec 평가 중...
    그룹 4/6: 19개 spec 평가 중...
    그룹 5/6: 18개 spec 평가 중...
    그룹 6/6: 18개 spec 평가 중...
  📊 Gen 3: best_score=84.0, archive_size=25

🚀 Generation 5/5
============================================================
  🧬 선택된 부모 그룹: 6개
  🔄 교배 및 변이 중...
  📊 새로운 후보 그룹: 6개
  ⚖️ 후보 그룹 평가 중...
    그룹 1/6: 18개 spec 평가 중...
    그룹 2/6: 19개 spec 평가 중...
    그룹 3/6: 18개 spec 평가 중...
    그룹 4/6: 18개 spec 평가 중...
    그룹 5/6: 19개 spec 평가 중...
    그룹 6/6: 18개 spec 평가 중...
  📊 Gen 4: best_score=84.0, archive_size=31

🏆 최고 점수 그룹 추출 및 중복 제거 중...
  📊 최고 그룹: 18개 spec (점수: 84/100)
  🔍 중복 제거: 18개 → 13개
  ✅ 최종 Spec 저장: final_spec_ver3/Finance_and_Banking/Code_Generation/final_spec.json
  📝 최종 Spec 개수: 13개

✅ 집단 진화 완료! 결과: final_spec_ver3/Finance_and_Banking/Code_Generation
  🏆 Code Generation 진화 완료! 총 31개 그룹 생성
     그룹 점수: 84/100
     그룹 크기: 18개 spec

🎯 태스크 'Decision Support' 그룹 진화 시작
🚀 기존 archive에서 집단 기반 정책 셋 생성: Decision Support
  📊 기존 archive 크기: 43개 spec
  🎯 목표 그룹 크기: 10-20 (target: 5)
  📈 최고 점수: 80

🧬 기존 archive로부터 초기 집단 생성 중...
  🎲 중복 허용 랜덤 샘플링으로 3개 그룹 생성 (평균 크기: 17.0)
  ⚖️ 초기 집단 평가 중... (3개 그룹)
    그룹 1/3: 17개 spec 평가 중...
    그룹 2/3: 17개 spec 평가 중...
    그룹 3/3: 17개 spec 평가 중...
  📊 초기 그룹: 3개

🚀 Generation 1/5
============================================================
  🧬 선택된 부모 그룹: 3개
  🔄 교배 및 변이 중...
    🔍 필터링 결과: 15줄 → 15개 RFC2119 spec
  ➕ 그룹 변이: 새 spec 추가 (점수: 0)
    🔍 필터링 결과: 15줄 → 15개 RFC2119 spec
  ➕ 그룹 변이: 새 spec 추가 (점수: 0)
  📊 새로운 후보 그룹: 4개
  ⚖️ 후보 그룹 평가 중...
    그룹 1/4: 18개 spec 평가 중...
    그룹 2/4: 18개 spec 평가 중...
    그룹 3/4: 17개 spec 평가 중...
    그룹 4/4: 17개 spec 평가 중...
  📊 Gen 0: best_score=81.0, archive_size=7

🚀 Generation 2/5
============================================================
  🧬 선택된 부모 그룹: 6개
  🔄 교배 및 변이 중...
    🔍 필터링 결과: 15줄 → 15개 RFC2119 spec
  ➕ 그룹 변이: 새 spec 추가 (점수: 0)
  📊 새로운 후보 그룹: 6개
  ⚖️ 후보 그룹 평가 중...
    그룹 1/6: 17개 spec 평가 중...
    그룹 2/6: 18개 spec 평가 중...
    그룹 3/6: 17개 spec 평가 중...
    그룹 4/6: 17개 spec 평가 중...
    그룹 5/6: 17개 spec 평가 중...
    그룹 6/6: 17개 spec 평가 중...
  📊 Gen 1: best_score=81.0, archive_size=13

🚀 Generation 3/5
============================================================
  🧬 선택된 부모 그룹: 6개
  🔄 교배 및 변이 중...
    🔍 필터링 결과: 15줄 → 15개 RFC2119 spec
  ➕ 그룹 변이: 새 spec 추가 (점수: 0)
    🔍 필터링 결과: 15줄 → 15개 RFC2119 spec
  ➕ 그룹 변이: 새 spec 추가 (점수: 0)
    🔍 필터링 결과: 13줄 → 13개 RFC2119 spec
  ➕ 그룹 변이: 새 spec 추가 (점수: 0)
  📊 새로운 후보 그룹: 6개
  ⚖️ 후보 그룹 평가 중...
    그룹 1/6: 18개 spec 평가 중...
    그룹 2/6: 18개 spec 평가 중...
    그룹 3/6: 17개 spec 평가 중...
    그룹 4/6: 18개 spec 평가 중...
    그룹 5/6: 18개 spec 평가 중...
    그룹 6/6: 18개 spec 평가 중...
  📊 Gen 2: best_score=81.0, archive_size=19

🚀 Generation 4/5
============================================================
  🧬 선택된 부모 그룹: 6개
  🔄 교배 및 변이 중...
    🔍 필터링 결과: 15줄 → 15개 RFC2119 spec
  ➕ 그룹 변이: 새 spec 추가 (점수: 0)
    🔍 필터링 결과: 15줄 → 15개 RFC2119 spec
  ➕ 그룹 변이: 새 spec 추가 (점수: 0)
  📊 새로운 후보 그룹: 6개
  ⚖️ 후보 그룹 평가 중...
    그룹 1/6: 18개 spec 평가 중...
    그룹 2/6: 18개 spec 평가 중...
    그룹 3/6: 18개 spec 평가 중...
    그룹 4/6: 17개 spec 평가 중...
    그룹 5/6: 18개 spec 평가 중...
    그룹 6/6: 17개 spec 평가 중...
  📊 Gen 3: best_score=81.0, archive_size=25

🚀 Generation 5/5
============================================================
  🧬 선택된 부모 그룹: 6개
  🔄 교배 및 변이 중...
    🔍 필터링 결과: 15줄 → 15개 RFC2119 spec
  ➕ 그룹 변이: 새 spec 추가 (점수: 0)
  📊 새로운 후보 그룹: 6개
  ⚖️ 후보 그룹 평가 중...
    그룹 1/6: 16개 spec 평가 중...
    그룹 2/6: 17개 spec 평가 중...
    그룹 3/6: 17개 spec 평가 중...
    그룹 4/6: 17개 spec 평가 중...
    그룹 5/6: 18개 spec 평가 중...
    그룹 6/6: 17개 spec 평가 중...
  📊 Gen 4: best_score=81.0, archive_size=31

🏆 최고 점수 그룹 추출 및 중복 제거 중...
  📊 최고 그룹: 17개 spec (점수: 81/100)
  🔍 중복 제거: 17개 → 13개
  ✅ 최종 Spec 저장: final_spec_ver3/Finance_and_Banking/Decision_Support/final_spec.json
  📝 최종 Spec 개수: 13개

✅ 집단 진화 완료! 결과: final_spec_ver3/Finance_and_Banking/Decision_Support
  🏆 Decision Support 진화 완료! 총 31개 그룹 생성
     그룹 점수: 81/100
     그룹 크기: 17개 spec

🎯 태스크 'Classification & Categorization' 그룹 진화 시작
🚀 기존 archive에서 집단 기반 정책 셋 생성: Classification & Categorization
  📊 기존 archive 크기: 46개 spec
  🎯 목표 그룹 크기: 10-20 (target: 5)
  📈 최고 점수: 68

🧬 기존 archive로부터 초기 집단 생성 중...
  🎲 중복 허용 랜덤 샘플링으로 3개 그룹 생성 (평균 크기: 16.0)
  ⚖️ 초기 집단 평가 중... (3개 그룹)
    그룹 1/3: 16개 spec 평가 중...
    그룹 2/3: 16개 spec 평가 중...
    그룹 3/3: 16개 spec 평가 중...
  📊 초기 그룹: 3개

🚀 Generation 1/5
============================================================
  🧬 선택된 부모 그룹: 3개
  🔄 교배 및 변이 중...
  📊 새로운 후보 그룹: 4개
  ⚖️ 후보 그룹 평가 중...
    그룹 1/4: 16개 spec 평가 중...
    그룹 2/4: 16개 spec 평가 중...
    그룹 3/4: 16개 spec 평가 중...
    그룹 4/4: 16개 spec 평가 중...
  📊 Gen 0: best_score=81.0, archive_size=7

🚀 Generation 2/5
============================================================
  🧬 선택된 부모 그룹: 6개
  🔄 교배 및 변이 중...
    🔍 필터링 결과: 15줄 → 15개 RFC2119 spec
  🔄 그룹 변이: spec 개선 (64 → 0)
    🔍 필터링 결과: 15줄 → 15개 RFC2119 spec
  ➕ 그룹 변이: 새 spec 추가 (점수: 0)
    🔍 필터링 결과: 15줄 → 15개 RFC2119 spec
  ➕ 그룹 변이: 새 spec 추가 (점수: 0)
  📊 새로운 후보 그룹: 6개
  ⚖️ 후보 그룹 평가 중...
    그룹 1/6: 16개 spec 평가 중...
    그룹 2/6: 16개 spec 평가 중...
    그룹 3/6: 17개 spec 평가 중...
    그룹 4/6: 16개 spec 평가 중...
    그룹 5/6: 16개 spec 평가 중...
    그룹 6/6: 17개 spec 평가 중...
  📊 Gen 1: best_score=82.0, archive_size=13

🚀 Generation 3/5
============================================================
  🧬 선택된 부모 그룹: 6개
  🔄 교배 및 변이 중...
    🔍 필터링 결과: 15줄 → 15개 RFC2119 spec
  🔄 그룹 변이: spec 개선 (0 → 0)
    🔍 필터링 결과: 15줄 → 15개 RFC2119 spec
  ➕ 그룹 변이: 새 spec 추가 (점수: 0)
  📊 새로운 후보 그룹: 6개
  ⚖️ 후보 그룹 평가 중...
    그룹 1/6: 16개 spec 평가 중...
    그룹 2/6: 16개 spec 평가 중...
    그룹 3/6: 17개 spec 평가 중...
    그룹 4/6: 16개 spec 평가 중...
    그룹 5/6: 16개 spec 평가 중...
    그룹 6/6: 16개 spec 평가 중...
  📊 Gen 2: best_score=82.0, archive_size=19

🚀 Generation 4/5
============================================================
  🧬 선택된 부모 그룹: 6개
  🔄 교배 및 변이 중...
    🔍 필터링 결과: 15줄 → 15개 RFC2119 spec
  ➕ 그룹 변이: 새 spec 추가 (점수: 0)
  📊 새로운 후보 그룹: 6개
  ⚖️ 후보 그룹 평가 중...
    그룹 1/6: 17개 spec 평가 중...
    그룹 2/6: 16개 spec 평가 중...
    그룹 3/6: 16개 spec 평가 중...
    그룹 4/6: 16개 spec 평가 중...
    그룹 5/6: 16개 spec 평가 중...
    그룹 6/6: 16개 spec 평가 중...
  📊 Gen 3: best_score=82.0, archive_size=25

🚀 Generation 5/5
============================================================
  🧬 선택된 부모 그룹: 6개
  🔄 교배 및 변이 중...
    🔍 필터링 결과: 15줄 → 15개 RFC2119 spec
  ➕ 그룹 변이: 새 spec 추가 (점수: 0)
    🔍 필터링 결과: 15줄 → 15개 RFC2119 spec
  ➕ 그룹 변이: 새 spec 추가 (점수: 0)
  📊 새로운 후보 그룹: 6개
  ⚖️ 후보 그룹 평가 중...
    그룹 1/6: 17개 spec 평가 중...
    그룹 2/6: 16개 spec 평가 중...
    그룹 3/6: 16개 spec 평가 중...
    그룹 4/6: 16개 spec 평가 중...
    그룹 5/6: 17개 spec 평가 중...
    그룹 6/6: 16개 spec 평가 중...
  📊 Gen 4: best_score=82.0, archive_size=31

🏆 최고 점수 그룹 추출 및 중복 제거 중...
  📊 최고 그룹: 16개 spec (점수: 82/100)
  🔍 중복 제거: 16개 → 12개
  ✅ 최종 Spec 저장: final_spec_ver3/Finance_and_Banking/Classification_and_Categorization/final_spec.json
  📝 최종 Spec 개수: 12개

✅ 집단 진화 완료! 결과: final_spec_ver3/Finance_and_Banking/Classification_and_Categorization
  🏆 Classification & Categorization 진화 완료! 총 31개 그룹 생성
     그룹 점수: 82/100
     그룹 크기: 16개 spec

🎯 태스크 'Image Generation' 그룹 진화 시작
🚀 기존 archive에서 집단 기반 정책 셋 생성: Image Generation
  📊 기존 archive 크기: 42개 spec
  🎯 목표 그룹 크기: 10-20 (target: 5)
  📈 최고 점수: 71

🧬 기존 archive로부터 초기 집단 생성 중...
  🎲 중복 허용 랜덤 샘플링으로 3개 그룹 생성 (평균 크기: 17.0)
  ⚖️ 초기 집단 평가 중... (3개 그룹)
    그룹 1/3: 17개 spec 평가 중...
    그룹 2/3: 17개 spec 평가 중...
    그룹 3/3: 17개 spec 평가 중...
  📊 초기 그룹: 3개

🚀 Generation 1/5
============================================================
  🧬 선택된 부모 그룹: 3개
  🔄 교배 및 변이 중...
    🔍 필터링 결과: 15줄 → 15개 RFC2119 spec
  ➕ 그룹 변이: 새 spec 추가 (점수: 0)
    🔍 필터링 결과: 15줄 → 15개 RFC2119 spec
  ➕ 그룹 변이: 새 spec 추가 (점수: 0)
  📊 새로운 후보 그룹: 4개
  ⚖️ 후보 그룹 평가 중...
    그룹 1/4: 18개 spec 평가 중...
    그룹 2/4: 17개 spec 평가 중...
    그룹 3/4: 17개 spec 평가 중...
    그룹 4/4: 17개 spec 평가 중...
  📊 Gen 0: best_score=81.0, archive_size=7

🚀 Generation 2/5
============================================================
  🧬 선택된 부모 그룹: 6개
  🔄 교배 및 변이 중...
    🔍 필터링 결과: 15줄 → 15개 RFC2119 spec
  🔄 그룹 변이: spec 개선 (0 → 0)
  📊 새로운 후보 그룹: 6개
  ⚖️ 후보 그룹 평가 중...
    그룹 1/6: 17개 spec 평가 중...
    그룹 2/6: 18개 spec 평가 중...
    그룹 3/6: 17개 spec 평가 중...
    그룹 4/6: 17개 spec 평가 중...
    그룹 5/6: 17개 spec 평가 중...
    그룹 6/6: 17개 spec 평가 중...
  📊 Gen 1: best_score=81.0, archive_size=13

🚀 Generation 3/5
============================================================
  🧬 선택된 부모 그룹: 6개
  🔄 교배 및 변이 중...
    🔍 필터링 결과: 15줄 → 15개 RFC2119 spec
  🔄 그룹 변이: spec 개선 (61 → 0)
    🔍 필터링 결과: 15줄 → 15개 RFC2119 spec
  ➕ 그룹 변이: 새 spec 추가 (점수: 0)
    🔍 필터링 결과: 15줄 → 15개 RFC2119 spec
  ➕ 그룹 변이: 새 spec 추가 (점수: 0)
  📊 새로운 후보 그룹: 6개
  ⚖️ 후보 그룹 평가 중...
    그룹 1/6: 17개 spec 평가 중...
    그룹 2/6: 18개 spec 평가 중...
    그룹 3/6: 17개 spec 평가 중...
    그룹 4/6: 18개 spec 평가 중...
    그룹 5/6: 16개 spec 평가 중...
    그룹 6/6: 18개 spec 평가 중...
  📊 Gen 2: best_score=81.0, archive_size=19

🚀 Generation 4/5
============================================================
  🧬 선택된 부모 그룹: 6개
  🔄 교배 및 변이 중...
    🔍 필터링 결과: 15줄 → 15개 RFC2119 spec
  🔄 그룹 변이: spec 개선 (61 → 0)
    🔍 필터링 결과: 15줄 → 15개 RFC2119 spec
  ➕ 그룹 변이: 새 spec 추가 (점수: 0)
    🔍 필터링 결과: 15줄 → 15개 RFC2119 spec
  ➕ 그룹 변이: 새 spec 추가 (점수: 0)
  📊 새로운 후보 그룹: 6개
  ⚖️ 후보 그룹 평가 중...
    그룹 1/6: 17개 spec 평가 중...
    그룹 2/6: 17개 spec 평가 중...
    그룹 3/6: 18개 spec 평가 중...
    그룹 4/6: 17개 spec 평가 중...
    그룹 5/6: 18개 spec 평가 중...
    그룹 6/6: 16개 spec 평가 중...
  📊 Gen 3: best_score=81.0, archive_size=25

🚀 Generation 5/5
============================================================
  🧬 선택된 부모 그룹: 6개
  🔄 교배 및 변이 중...
    🔍 필터링 결과: 15줄 → 15개 RFC2119 spec
  ➕ 그룹 변이: 새 spec 추가 (점수: 0)
    🔍 필터링 결과: 15줄 → 15개 RFC2119 spec
  ➕ 그룹 변이: 새 spec 추가 (점수: 0)
    🔍 필터링 결과: 15줄 → 15개 RFC2119 spec
  ➕ 그룹 변이: 새 spec 추가 (점수: 0)
  📊 새로운 후보 그룹: 6개
  ⚖️ 후보 그룹 평가 중...
    그룹 1/6: 17개 spec 평가 중...
    그룹 2/6: 18개 spec 평가 중...
    그룹 3/6: 18개 spec 평가 중...
    그룹 4/6: 19개 spec 평가 중...
    그룹 5/6: 18개 spec 평가 중...
    그룹 6/6: 18개 spec 평가 중...
  📊 Gen 4: best_score=81.0, archive_size=31

🏆 최고 점수 그룹 추출 및 중복 제거 중...
  📊 최고 그룹: 17개 spec (점수: 81/100)
  🔍 중복 제거: 17개 → 13개
  ✅ 최종 Spec 저장: final_spec_ver3/Finance_and_Banking/Image_Generation/final_spec.json
  📝 최종 Spec 개수: 13개

✅ 집단 진화 완료! 결과: final_spec_ver3/Finance_and_Banking/Image_Generation
  🏆 Image Generation 진화 완료! 총 31개 그룹 생성
     그룹 점수: 81/100
     그룹 크기: 17개 spec

🎯 태스크 'Text Generation' 그룹 진화 시작
🚀 기존 archive에서 집단 기반 정책 셋 생성: Text Generation
  📊 기존 archive 크기: 45개 spec
  🎯 목표 그룹 크기: 10-20 (target: 5)
  📈 최고 점수: 84

🧬 기존 archive로부터 초기 집단 생성 중...
  🎲 중복 허용 랜덤 샘플링으로 3개 그룹 생성 (평균 크기: 18.0)
  ⚖️ 초기 집단 평가 중... (3개 그룹)
    그룹 1/3: 18개 spec 평가 중...
    그룹 2/3: 18개 spec 평가 중...
    그룹 3/3: 18개 spec 평가 중...
  📊 초기 그룹: 3개

🚀 Generation 1/5
============================================================
  🧬 선택된 부모 그룹: 3개
  🔄 교배 및 변이 중...
    🔍 필터링 결과: 15줄 → 15개 RFC2119 spec
  ➕ 그룹 변이: 새 spec 추가 (점수: 0)
  📊 새로운 후보 그룹: 4개
  ⚖️ 후보 그룹 평가 중...
    그룹 1/4: 18개 spec 평가 중...
    그룹 2/4: 18개 spec 평가 중...
    그룹 3/4: 17개 spec 평가 중...
    그룹 4/4: 19개 spec 평가 중...
  📊 Gen 0: best_score=82.0, archive_size=7

🚀 Generation 2/5
============================================================
  🧬 선택된 부모 그룹: 6개
  🔄 교배 및 변이 중...
    🔍 필터링 결과: 15줄 → 15개 RFC2119 spec
  ➕ 그룹 변이: 새 spec 추가 (점수: 0)
  📊 새로운 후보 그룹: 6개
  ⚖️ 후보 그룹 평가 중...
    그룹 1/6: 19개 spec 평가 중...
    그룹 2/6: 19개 spec 평가 중...
    그룹 3/6: 18개 spec 평가 중...
    그룹 4/6: 19개 spec 평가 중...
    그룹 5/6: 18개 spec 평가 중...
    그룹 6/6: 17개 spec 평가 중...
  📊 Gen 1: best_score=82.0, archive_size=13

🚀 Generation 3/5
============================================================
  🧬 선택된 부모 그룹: 6개
  🔄 교배 및 변이 중...
    🔍 필터링 결과: 15줄 → 15개 RFC2119 spec
  ➕ 그룹 변이: 새 spec 추가 (점수: 0)
    🔍 필터링 결과: 15줄 → 15개 RFC2119 spec
  ➕ 그룹 변이: 새 spec 추가 (점수: 0)
  📊 새로운 후보 그룹: 6개
  ⚖️ 후보 그룹 평가 중...
    그룹 1/6: 18개 spec 평가 중...
    그룹 2/6: 17개 spec 평가 중...
    그룹 3/6: 18개 spec 평가 중...
    그룹 4/6: 20개 spec 평가 중...
    그룹 5/6: 19개 spec 평가 중...
    그룹 6/6: 20개 spec 평가 중...
  📊 Gen 2: best_score=82.0, archive_size=19

🚀 Generation 4/5
============================================================
  🧬 선택된 부모 그룹: 6개
  🔄 교배 및 변이 중...
    🔍 필터링 결과: 15줄 → 15개 RFC2119 spec
  ➕ 그룹 변이: 새 spec 추가 (점수: 0)
    🔍 필터링 결과: 15줄 → 15개 RFC2119 spec
  ➕ 그룹 변이: 새 spec 추가 (점수: 0)
  📊 새로운 후보 그룹: 6개
  ⚖️ 후보 그룹 평가 중...
    그룹 1/6: 20개 spec 평가 중...
    그룹 2/6: 19개 spec 평가 중...
    그룹 3/6: 18개 spec 평가 중...
    그룹 4/6: 20개 spec 평가 중...
    그룹 5/6: 18개 spec 평가 중...
    그룹 6/6: 17개 spec 평가 중...
  📊 Gen 3: best_score=82.0, archive_size=25

🚀 Generation 5/5
============================================================
  🧬 선택된 부모 그룹: 6개
  🔄 교배 및 변이 중...
    🔍 필터링 결과: 15줄 → 15개 RFC2119 spec
  ➕ 그룹 변이: 새 spec 추가 (점수: 0)
    🔍 필터링 결과: 13줄 → 13개 RFC2119 spec
  ➕ 그룹 변이: 새 spec 추가 (점수: 0)
    🔍 필터링 결과: 15줄 → 15개 RFC2119 spec
  ➕ 그룹 변이: 새 spec 추가 (점수: 0)
  📊 새로운 후보 그룹: 6개
  ⚖️ 후보 그룹 평가 중...
    그룹 1/6: 18개 spec 평가 중...
    그룹 2/6: 19개 spec 평가 중...
    그룹 3/6: 18개 spec 평가 중...
    그룹 4/6: 17개 spec 평가 중...
    그룹 5/6: 20개 spec 평가 중...
    그룹 6/6: 20개 spec 평가 중...
  📊 Gen 4: best_score=82.0, archive_size=31

🏆 최고 점수 그룹 추출 및 중복 제거 중...
  📊 최고 그룹: 18개 spec (점수: 82/100)
  🔍 중복 제거: 18개 → 13개
  ✅ 최종 Spec 저장: final_spec_ver3/Finance_and_Banking/Text_Generation/final_spec.json
  📝 최종 Spec 개수: 13개

✅ 집단 진화 완료! 결과: final_spec_ver3/Finance_and_Banking/Text_Generation
  🏆 Text Generation 진화 완료! 총 31개 그룹 생성
     그룹 점수: 82/100
     그룹 크기: 18개 spec

🎯 태스크 'Analysis & Reasoning' 그룹 진화 시작
🚀 기존 archive에서 집단 기반 정책 셋 생성: Analysis & Reasoning
  📊 기존 archive 크기: 51개 spec
  🎯 목표 그룹 크기: 10-20 (target: 5)
  📈 최고 점수: 79

🧬 기존 archive로부터 초기 집단 생성 중...
  🎲 중복 허용 랜덤 샘플링으로 3개 그룹 생성 (평균 크기: 19.0)
  ⚖️ 초기 집단 평가 중... (3개 그룹)
    그룹 1/3: 19개 spec 평가 중...
    그룹 2/3: 19개 spec 평가 중...
    그룹 3/3: 19개 spec 평가 중...
  📊 초기 그룹: 3개

🚀 Generation 1/5
============================================================
  🧬 선택된 부모 그룹: 3개
  🔄 교배 및 변이 중...
    🔍 필터링 결과: 15줄 → 15개 RFC2119 spec
  ➕ 그룹 변이: 새 spec 추가 (점수: 0)
    🔍 필터링 결과: 15줄 → 15개 RFC2119 spec
  ➕ 그룹 변이: 새 spec 추가 (점수: 0)
  📊 새로운 후보 그룹: 4개
  ⚖️ 후보 그룹 평가 중...
    그룹 1/4: 20개 spec 평가 중...
    그룹 2/4: 19개 spec 평가 중...
    그룹 3/4: 20개 spec 평가 중...
    그룹 4/4: 18개 spec 평가 중...
  📊 Gen 0: best_score=81.0, archive_size=7

🚀 Generation 2/5
============================================================
  🧬 선택된 부모 그룹: 6개
  🔄 교배 및 변이 중...
    🔍 필터링 결과: 15줄 → 15개 RFC2119 spec
  ➕ 그룹 변이: 새 spec 추가 (점수: 0)
  📊 새로운 후보 그룹: 6개
  ⚖️ 후보 그룹 평가 중...
    그룹 1/6: 20개 spec 평가 중...
    그룹 2/6: 19개 spec 평가 중...
    그룹 3/6: 20개 spec 평가 중...
    그룹 4/6: 18개 spec 평가 중...
    그룹 5/6: 19개 spec 평가 중...
    그룹 6/6: 18개 spec 평가 중...
  📊 Gen 1: best_score=81.0, archive_size=13

🚀 Generation 3/5
============================================================
  🧬 선택된 부모 그룹: 6개
  🔄 교배 및 변이 중...
    🔍 필터링 결과: 15줄 → 15개 RFC2119 spec
  ➕ 그룹 변이: 새 spec 추가 (점수: 0)
🚨 Generator 호출 실패: Connection error.
🔧 Fallback으로 첫 번째 부모 spec 사용
    🔍 필터링 결과: 1줄 → 1개 RFC2119 spec
  🔄 그룹 변이: spec 개선 (0 → 0)
  📊 새로운 후보 그룹: 6개
  ⚖️ 후보 그룹 평가 중...
    그룹 1/6: 20개 spec 평가 중...
  ⚠️ 통합 그룹 평가 실패: Connection error.
    그룹 2/6: 19개 spec 평가 중...
  ⚠️ 통합 그룹 평가 실패: Connection error.
    그룹 3/6: 20개 spec 평가 중...
  ⚠️ 통합 그룹 평가 실패: Connection error.
    그룹 4/6: 20개 spec 평가 중...
  ⚠️ 통합 그룹 평가 실패: Connection error.
    그룹 5/6: 19개 spec 평가 중...
  ⚠️ 통합 그룹 평가 실패: Connection error.
    그룹 6/6: 19개 spec 평가 중...
  ⚠️ 통합 그룹 평가 실패: Connection error.
  📊 Gen 2: best_score=81.0, archive_size=19

🚀 Generation 4/5
============================================================
  🧬 선택된 부모 그룹: 6개
  🔄 교배 및 변이 중...
🚨 Generator 호출 실패: Connection error.
🔧 Fallback으로 첫 번째 부모 spec 사용
    🔍 필터링 결과: 1줄 → 1개 RFC2119 spec
  ➕ 그룹 변이: 새 spec 추가 (점수: 0)
🚨 Generator 호출 실패: Connection error.
🔧 Fallback으로 첫 번째 부모 spec 사용
    🔍 필터링 결과: 1줄 → 1개 RFC2119 spec
  🔄 그룹 변이: spec 개선 (0 → 0)
🚨 Generator 호출 실패: Connection error.
🔧 Fallback으로 첫 번째 부모 spec 사용
    🔍 필터링 결과: 1줄 → 1개 RFC2119 spec
  ➕ 그룹 변이: 새 spec 추가 (점수: 0)
🚨 Generator 호출 실패: Connection error.
🔧 Fallback으로 첫 번째 부모 spec 사용
    🔍 필터링 결과: 1줄 → 1개 RFC2119 spec
  ➕ 그룹 변이: 새 spec 추가 (점수: 0)
  📊 새로운 후보 그룹: 6개
  ⚖️ 후보 그룹 평가 중...
    그룹 1/6: 20개 spec 평가 중...
  ⚠️ 통합 그룹 평가 실패: Connection error.
    그룹 2/6: 20개 spec 평가 중...
  ⚠️ 통합 그룹 평가 실패: Connection error.
    그룹 3/6: 20개 spec 평가 중...
  ⚠️ 통합 그룹 평가 실패: Connection error.
    그룹 4/6: 18개 spec 평가 중...
  ⚠️ 통합 그룹 평가 실패: Connection error.
    그룹 5/6: 20개 spec 평가 중...
  ⚠️ 통합 그룹 평가 실패: Connection error.
    그룹 6/6: 20개 spec 평가 중...
  ⚠️ 통합 그룹 평가 실패: Connection error.
  📊 Gen 3: best_score=81.0, archive_size=25

🚀 Generation 5/5
============================================================
  🧬 선택된 부모 그룹: 6개
  🔄 교배 및 변이 중...
  📊 새로운 후보 그룹: 6개
  ⚖️ 후보 그룹 평가 중...
    그룹 1/6: 20개 spec 평가 중...
  ⚠️ 통합 그룹 평가 실패: Connection error.
    그룹 2/6: 18개 spec 평가 중...
  ⚠️ 통합 그룹 평가 실패: Connection error.
    그룹 3/6: 19개 spec 평가 중...
  ⚠️ 통합 그룹 평가 실패: Connection error.
    그룹 4/6: 20개 spec 평가 중...
  ⚠️ 통합 그룹 평가 실패: Connection error.
    그룹 5/6: 20개 spec 평가 중...
  ⚠️ 통합 그룹 평가 실패: Connection error.
    그룹 6/6: 18개 spec 평가 중...
  ⚠️ 통합 그룹 평가 실패: Connection error.
  📊 Gen 4: best_score=81.0, archive_size=31

🏆 최고 점수 그룹 추출 및 중복 제거 중...
  📊 최고 그룹: 19개 spec (점수: 81/100)
  ⚠️ 중복 제거 중 오류: Connection error., 원본 반환
  ✅ 최종 Spec 저장: final_spec_ver3/Finance_and_Banking/Analysis_and_Reasoning/final_spec.json
  📝 최종 Spec 개수: 19개

✅ 집단 진화 완료! 결과: final_spec_ver3/Finance_and_Banking/Analysis_and_Reasoning
  🏆 Analysis & Reasoning 진화 완료! 총 31개 그룹 생성
     그룹 점수: 81/100
     그룹 크기: 19개 spec

🎯 태스크 'Communication' 그룹 진화 시작
🚀 기존 archive에서 집단 기반 정책 셋 생성: Communication
  📊 기존 archive 크기: 47개 spec
  🎯 목표 그룹 크기: 10-20 (target: 5)
  📈 최고 점수: 71

🧬 기존 archive로부터 초기 집단 생성 중...
  🎲 중복 허용 랜덤 샘플링으로 3개 그룹 생성 (평균 크기: 20.0)
  ⚖️ 초기 집단 평가 중... (3개 그룹)
    그룹 1/3: 20개 spec 평가 중...
  ⚠️ 통합 그룹 평가 실패: Connection error.
    그룹 2/3: 20개 spec 평가 중...
  ⚠️ 통합 그룹 평가 실패: Connection error.
    그룹 3/3: 20개 spec 평가 중...
  ⚠️ 통합 그룹 평가 실패: Connection error.
  📊 초기 그룹: 3개

🚀 Generation 1/5
============================================================
  🧬 선택된 부모 그룹: 3개
  🔄 교배 및 변이 중...
🚨 Generator 호출 실패: Connection error.
🔧 Fallback으로 첫 번째 부모 spec 사용
    🔍 필터링 결과: 1줄 → 1개 RFC2119 spec
  🔄 그룹 변이: spec 개선 (55 → 0)
🚨 Generator 호출 실패: Connection error.
🔧 Fallback으로 첫 번째 부모 spec 사용
    🔍 필터링 결과: 1줄 → 1개 RFC2119 spec
  🔄 그룹 변이: spec 개선 (65 → 0)
  📊 새로운 후보 그룹: 4개
  ⚖️ 후보 그룹 평가 중...
    그룹 1/4: 20개 spec 평가 중...
  ⚠️ 통합 그룹 평가 실패: Connection error.
    그룹 2/4: 20개 spec 평가 중...
  ⚠️ 통합 그룹 평가 실패: Connection error.
    그룹 3/4: 20개 spec 평가 중...
  ⚠️ 통합 그룹 평가 실패: Connection error.
    그룹 4/4: 20개 spec 평가 중...
  ⚠️ 통합 그룹 평가 실패: Connection error.
  📊 Gen 0: best_score=0.0, archive_size=7

🚀 Generation 2/5
============================================================
  🧬 선택된 부모 그룹: 6개
  🔄 교배 및 변이 중...
🚨 Generator 호출 실패: Connection error.
🔧 Fallback으로 첫 번째 부모 spec 사용
    🔍 필터링 결과: 1줄 → 1개 RFC2119 spec
  🔄 그룹 변이: spec 개선 (0 → 0)
🚨 Generator 호출 실패: Connection error.
🔧 Fallback으로 첫 번째 부모 spec 사용
    🔍 필터링 결과: 1줄 → 1개 RFC2119 spec
  🔄 그룹 변이: spec 개선 (65 → 0)
🚨 Generator 호출 실패: Connection error.
🔧 Fallback으로 첫 번째 부모 spec 사용
    🔍 필터링 결과: 1줄 → 1개 RFC2119 spec
  ➕ 그룹 변이: 새 spec 추가 (점수: 0)
🚨 Generator 호출 실패: Connection error.
🔧 Fallback으로 첫 번째 부모 spec 사용
    🔍 필터링 결과: 1줄 → 1개 RFC2119 spec
  🔄 그룹 변이: spec 개선 (55 → 0)
🚨 Generator 호출 실패: Connection error.
🔧 Fallback으로 첫 번째 부모 spec 사용
    🔍 필터링 결과: 1줄 → 1개 RFC2119 spec
  🔄 그룹 변이: spec 개선 (0 → 0)
  📊 새로운 후보 그룹: 6개
  ⚖️ 후보 그룹 평가 중...
    그룹 1/6: 20개 spec 평가 중...
  ⚠️ 통합 그룹 평가 실패: Connection error.
    그룹 2/6: 20개 spec 평가 중...
  ⚠️ 통합 그룹 평가 실패: Connection error.
    그룹 3/6: 20개 spec 평가 중...
  ⚠️ 통합 그룹 평가 실패: Connection error.
    그룹 4/6: 20개 spec 평가 중...
  ⚠️ 통합 그룹 평가 실패: Connection error.
    그룹 5/6: 20개 spec 평가 중...
  ⚠️ 통합 그룹 평가 실패: Connection error.
    그룹 6/6: 20개 spec 평가 중...
  ⚠️ 통합 그룹 평가 실패: Connection error.
  📊 Gen 1: best_score=0.0, archive_size=13

🚀 Generation 3/5
============================================================
  🧬 선택된 부모 그룹: 6개
  🔄 교배 및 변이 중...
  📊 새로운 후보 그룹: 6개
  ⚖️ 후보 그룹 평가 중...
    그룹 1/6: 20개 spec 평가 중...
  ⚠️ 통합 그룹 평가 실패: Connection error.
    그룹 2/6: 20개 spec 평가 중...
  ⚠️ 통합 그룹 평가 실패: Connection error.
    그룹 3/6: 20개 spec 평가 중...
  ⚠️ 통합 그룹 평가 실패: Connection error.
    그룹 4/6: 20개 spec 평가 중...
  ⚠️ 통합 그룹 평가 실패: Connection error.
    그룹 5/6: 20개 spec 평가 중...
  ⚠️ 통합 그룹 평가 실패: Connection error.
    그룹 6/6: 20개 spec 평가 중...
  ⚠️ 통합 그룹 평가 실패: Connection error.
  📊 Gen 2: best_score=0.0, archive_size=19

🚀 Generation 4/5
============================================================
  🧬 선택된 부모 그룹: 6개
  🔄 교배 및 변이 중...
🚨 Generator 호출 실패: Connection error.
🔧 Fallback으로 첫 번째 부모 spec 사용
    🔍 필터링 결과: 1줄 → 1개 RFC2119 spec
  🔄 그룹 변이: spec 개선 (71 → 0)
  📊 새로운 후보 그룹: 6개
  ⚖️ 후보 그룹 평가 중...
    그룹 1/6: 20개 spec 평가 중...
  ⚠️ 통합 그룹 평가 실패: Connection error.
    그룹 2/6: 20개 spec 평가 중...
  ⚠️ 통합 그룹 평가 실패: Connection error.
    그룹 3/6: 20개 spec 평가 중...
  ⚠️ 통합 그룹 평가 실패: Connection error.
    그룹 4/6: 20개 spec 평가 중...
  ⚠️ 통합 그룹 평가 실패: Connection error.
    그룹 5/6: 20개 spec 평가 중...
  ⚠️ 통합 그룹 평가 실패: Connection error.
    그룹 6/6: 20개 spec 평가 중...
  ⚠️ 통합 그룹 평가 실패: Connection error.
  📊 Gen 3: best_score=0.0, archive_size=25

🚀 Generation 5/5
============================================================
  🧬 선택된 부모 그룹: 6개
  🔄 교배 및 변이 중...
🚨 Generator 호출 실패: Connection error.
🔧 Fallback으로 첫 번째 부모 spec 사용
    🔍 필터링 결과: 1줄 → 1개 RFC2119 spec
  🔄 그룹 변이: spec 개선 (0 → 0)
  📊 새로운 후보 그룹: 6개
  ⚖️ 후보 그룹 평가 중...
    그룹 1/6: 20개 spec 평가 중...
  ⚠️ 통합 그룹 평가 실패: Connection error.
    그룹 2/6: 20개 spec 평가 중...
  ⚠️ 통합 그룹 평가 실패: Connection error.
    그룹 3/6: 20개 spec 평가 중...
  ⚠️ 통합 그룹 평가 실패: Connection error.
    그룹 4/6: 20개 spec 평가 중...
  ⚠️ 통합 그룹 평가 실패: Connection error.
    그룹 5/6: 20개 spec 평가 중...
  ⚠️ 통합 그룹 평가 실패: Connection error.
    그룹 6/6: 20개 spec 평가 중...
  📊 Gen 4: best_score=80.0, archive_size=31

🏆 최고 점수 그룹 추출 및 중복 제거 중...
  📊 최고 그룹: 20개 spec (점수: 80/100)
  🔍 중복 제거: 20개 → 15개
  ✅ 최종 Spec 저장: final_spec_ver3/Finance_and_Banking/Communication/final_spec.json
  📝 최종 Spec 개수: 15개

✅ 집단 진화 완료! 결과: final_spec_ver3/Finance_and_Banking/Communication
  🏆 Communication 진화 완료! 총 31개 그룹 생성
     그룹 점수: 80/100
     그룹 크기: 20개 spec

✅ 도메인 'Finance_and_Banking'의 모든 태스크 그룹 진화 완료!
